

============================== 2023-05-02 08:02:27.251018 | 00d1996e-e2d8-4b6f-859e-3396c1e87c94 ==============================
[0m08:02:27.251018 [info ] [MainThread]: Running with dbt=1.4.6
[0m08:02:27.255022 [debug] [MainThread]: running dbt with arguments {'write_json': True, 'use_colors': True, 'printer_width': 80, 'version_check': True, 'partial_parse': True, 'static_parser': True, 'profiles_dir': 'C:\\Users\\TZ682VS\\.dbt', 'send_anonymous_usage_stats': True, 'quiet': False, 'no_print': False, 'cache_selected_only': False, 'skip_profile_setup': False, 'which': 'init', 'indirect_selection': 'eager'}
[0m08:02:27.257020 [debug] [MainThread]: Tracking: tracking
[0m08:02:27.512206 [debug] [MainThread]: Sending event: {'category': 'dbt', 'action': 'invocation', 'label': 'start', 'context': [<snowplow_tracker.self_describing_json.SelfDescribingJson object at 0x00000191D71477C0>, <snowplow_tracker.self_describing_json.SelfDescribingJson object at 0x00000191D717C3D0>, <snowplow_tracker.self_describing_json.SelfDescribingJson object at 0x00000191D717FB50>]}
[0m08:02:47.915740 [debug] [MainThread]: Starter project path: C:\Users\TZ682VS\AppData\Local\miniconda3\envs\dbt-databricks\lib\site-packages\dbt\include\starter_project
[0m08:04:39.407788 [info ] [MainThread]: Profile demo_dbt_databricks written to C:\Users\TZ682VS\.dbt\profiles.yml using target's profile_template.yml and your supplied values. Run 'dbt debug' to validate the connection.
[0m08:04:39.410697 [info ] [MainThread]: 
Your new dbt project "demo_dbt_databricks" was created!

For more information on how to configure the profiles.yml file,
please consult the dbt documentation here:

  https://docs.getdbt.com/docs/configure-your-profile

One more thing:

Need help? Don't hesitate to reach out to us via GitHub issues or on Slack:

  https://community.getdbt.com/

Happy modeling!

[0m08:04:39.412545 [debug] [MainThread]: Sending event: {'category': 'dbt', 'action': 'invocation', 'label': 'end', 'context': [<snowplow_tracker.self_describing_json.SelfDescribingJson object at 0x00000191D717F5B0>, <snowplow_tracker.self_describing_json.SelfDescribingJson object at 0x00000191D717DA50>, <snowplow_tracker.self_describing_json.SelfDescribingJson object at 0x00000191D71477C0>]}
[0m08:04:39.413641 [debug] [MainThread]: Flushing usage events


============================== 2023-05-02 08:04:54.308399 | 6af0a8f8-b9b4-4d08-97c9-f5afc954d623 ==============================
[0m08:04:54.308399 [info ] [MainThread]: Running with dbt=1.4.6
[0m08:04:54.311403 [debug] [MainThread]: running dbt with arguments {'write_json': True, 'use_colors': True, 'printer_width': 80, 'version_check': True, 'partial_parse': True, 'static_parser': True, 'profiles_dir': 'C:\\Users\\TZ682VS\\.dbt', 'send_anonymous_usage_stats': True, 'quiet': False, 'no_print': False, 'cache_selected_only': False, 'config_dir': False, 'which': 'debug', 'indirect_selection': 'eager'}
[0m08:04:54.312402 [debug] [MainThread]: Tracking: tracking
[0m08:04:54.569964 [debug] [MainThread]: Sending event: {'category': 'dbt', 'action': 'invocation', 'label': 'start', 'context': [<snowplow_tracker.self_describing_json.SelfDescribingJson object at 0x0000023D64227CA0>, <snowplow_tracker.self_describing_json.SelfDescribingJson object at 0x0000023D6425C400>, <snowplow_tracker.self_describing_json.SelfDescribingJson object at 0x0000023D6425FC70>]}
[0m08:04:56.294478 [debug] [MainThread]: Executing "git --help"
[0m08:04:56.875653 [debug] [MainThread]: STDOUT: "b"usage: git [--version] [--help] [-C <path>] [-c <name>=<value>]\n           [--exec-path[=<path>]] [--html-path] [--man-path] [--info-path]\n           [-p | --paginate | -P | --no-pager] [--no-replace-objects] [--bare]\n           [--git-dir=<path>] [--work-tree=<path>] [--namespace=<name>]\n           [--super-prefix=<path>] [--config-env=<name>=<envvar>]\n           <command> [<args>]\n\nThese are common Git commands used in various situations:\n\nstart a working area (see also: git help tutorial)\n   clone     Clone a repository into a new directory\n   init      Create an empty Git repository or reinitialize an existing one\n\nwork on the current change (see also: git help everyday)\n   add       Add file contents to the index\n   mv        Move or rename a file, a directory, or a symlink\n   restore   Restore working tree files\n   rm        Remove files from the working tree and from the index\n\nexamine the history and state (see also: git help revisions)\n   bisect    Use binary search to find the commit that introduced a bug\n   diff      Show changes between commits, commit and working tree, etc\n   grep      Print lines matching a pattern\n   log       Show commit logs\n   show      Show various types of objects\n   status    Show the working tree status\n\ngrow, mark and tweak your common history\n   branch    List, create, or delete branches\n   commit    Record changes to the repository\n   merge     Join two or more development histories together\n   rebase    Reapply commits on top of another base tip\n   reset     Reset current HEAD to the specified state\n   switch    Switch branches\n   tag       Create, list, delete or verify a tag object signed with GPG\n\ncollaborate (see also: git help workflows)\n   fetch     Download objects and refs from another repository\n   pull      Fetch from and integrate with another repository or a local branch\n   push      Update remote refs along with associated objects\n\n'git help -a' and 'git help -g' list available subcommands and some\nconcept guides. See 'git help <command>' or 'git help <concept>'\nto read about a specific subcommand or concept.\nSee 'git help git' for an overview of the system.\n""
[0m08:04:56.877648 [debug] [MainThread]: STDERR: "b''"
[0m08:04:56.888649 [debug] [MainThread]: Sending event: {'category': 'dbt', 'action': 'invocation', 'label': 'end', 'context': [<snowplow_tracker.self_describing_json.SelfDescribingJson object at 0x0000023D64227910>, <snowplow_tracker.self_describing_json.SelfDescribingJson object at 0x0000023D7BEFFEE0>, <snowplow_tracker.self_describing_json.SelfDescribingJson object at 0x0000023D7BEFE8F0>]}
[0m08:04:56.889648 [debug] [MainThread]: Flushing usage events


============================== 2023-05-02 08:06:03.960593 | aed78e86-bada-44a7-9f3d-c7b808f548e5 ==============================
[0m08:06:03.960593 [info ] [MainThread]: Running with dbt=1.4.6
[0m08:06:03.962579 [debug] [MainThread]: running dbt with arguments {'write_json': True, 'use_colors': True, 'printer_width': 80, 'version_check': True, 'partial_parse': True, 'static_parser': True, 'profiles_dir': 'C:\\Users\\TZ682VS\\.dbt', 'send_anonymous_usage_stats': True, 'quiet': False, 'no_print': False, 'cache_selected_only': False, 'config_dir': False, 'which': 'debug', 'indirect_selection': 'eager'}
[0m08:06:03.963578 [debug] [MainThread]: Tracking: tracking
[0m08:06:04.205701 [debug] [MainThread]: Sending event: {'category': 'dbt', 'action': 'invocation', 'label': 'start', 'context': [<snowplow_tracker.self_describing_json.SelfDescribingJson object at 0x0000016D6C983910>, <snowplow_tracker.self_describing_json.SelfDescribingJson object at 0x0000016D6C9B8400>, <snowplow_tracker.self_describing_json.SelfDescribingJson object at 0x0000016D6C9BBB80>]}
[0m08:06:05.856900 [debug] [MainThread]: Executing "git --help"
[0m08:06:06.478557 [debug] [MainThread]: STDOUT: "b"usage: git [--version] [--help] [-C <path>] [-c <name>=<value>]\n           [--exec-path[=<path>]] [--html-path] [--man-path] [--info-path]\n           [-p | --paginate | -P | --no-pager] [--no-replace-objects] [--bare]\n           [--git-dir=<path>] [--work-tree=<path>] [--namespace=<name>]\n           [--super-prefix=<path>] [--config-env=<name>=<envvar>]\n           <command> [<args>]\n\nThese are common Git commands used in various situations:\n\nstart a working area (see also: git help tutorial)\n   clone     Clone a repository into a new directory\n   init      Create an empty Git repository or reinitialize an existing one\n\nwork on the current change (see also: git help everyday)\n   add       Add file contents to the index\n   mv        Move or rename a file, a directory, or a symlink\n   restore   Restore working tree files\n   rm        Remove files from the working tree and from the index\n\nexamine the history and state (see also: git help revisions)\n   bisect    Use binary search to find the commit that introduced a bug\n   diff      Show changes between commits, commit and working tree, etc\n   grep      Print lines matching a pattern\n   log       Show commit logs\n   show      Show various types of objects\n   status    Show the working tree status\n\ngrow, mark and tweak your common history\n   branch    List, create, or delete branches\n   commit    Record changes to the repository\n   merge     Join two or more development histories together\n   rebase    Reapply commits on top of another base tip\n   reset     Reset current HEAD to the specified state\n   switch    Switch branches\n   tag       Create, list, delete or verify a tag object signed with GPG\n\ncollaborate (see also: git help workflows)\n   fetch     Download objects and refs from another repository\n   pull      Fetch from and integrate with another repository or a local branch\n   push      Update remote refs along with associated objects\n\n'git help -a' and 'git help -g' list available subcommands and some\nconcept guides. See 'git help <command>' or 'git help <concept>'\nto read about a specific subcommand or concept.\nSee 'git help git' for an overview of the system.\n""
[0m08:06:06.479556 [debug] [MainThread]: STDERR: "b''"
[0m08:06:06.481556 [debug] [MainThread]: Sending event: {'category': 'dbt', 'action': 'invocation', 'label': 'end', 'context': [<snowplow_tracker.self_describing_json.SelfDescribingJson object at 0x0000016D6C983880>, <snowplow_tracker.self_describing_json.SelfDescribingJson object at 0x0000016D046CEEF0>, <snowplow_tracker.self_describing_json.SelfDescribingJson object at 0x0000016D046CE8F0>]}
[0m08:06:06.482556 [debug] [MainThread]: Flushing usage events
